生成启动时间为 2014/7/14 16:56:30。
     1>项目“C:\liyu\ScreenGrap\ScreenGrap\ScreenGrap.vcxproj”在节点 2 上(build 个目标)。
     1>InitializeBuildStatus:
         正在创建“Debug\ScreenGrap.unsuccessfulbuild”，因为已指定“AlwaysCreate”。
       ClCompile:
         所有输出均为最新。
         c:\Program Files (x86)\Microsoft Visual Studio 10.0\VC\bin\CL.exe /c /ZI /nologo /W3 /WX- /Od /Oy- /D WIN32 /D _WINDOWS /D _DEBUG /D _MBCS /D _AFXDLL /Gm /EHsc /RTC1 /MDd /GS /fp:precise /Zc:wchar_t /Zc:forScope /Yu"StdAfx.h" /Fp"Debug\ScreenGrap.pch" /Fo"Debug\\" /Fd"Debug\vc100.pdb" /Gd /TP /analyze- /errorReport:prompt ScreenGrapDlg.cpp
         ScreenGrapDlg.cpp
     1>c:\liyu\screengrap\screengrap\screengrapdlg.cpp(253): warning C4018: “<=”: 有符号/无符号不匹配
       ResourceCompile:
         所有输出均为最新。
       ManifestResourceCompile:
         所有输出均为最新。
       Link:
         c:\Program Files (x86)\Microsoft Visual Studio 10.0\VC\bin\link.exe /ERRORREPORT:PROMPT /OUT:"C:\liyu\ScreenGrap\Debug\ScreenGrap.exe" /INCREMENTAL /NOLOGO /MANIFEST /ManifestFile:"Debug\ScreenGrap.exe.intermediate.manifest" /MANIFESTUAC:"level='asInvoker' uiAccess='false'" /DEBUG /PDB:"C:\liyu\ScreenGrap\Debug\ScreenGrap.pdb" /SUBSYSTEM:WINDOWS /TLBID:1 /DYNAMICBASE /NXCOMPAT /IMPLIB:"C:\liyu\ScreenGrap\Debug\ScreenGrap.lib" /MACHINE:X86 Debug\ScreenGrap.res
         Debug\ScreenGrap.exe.embed.manifest.res
         Debug\ScreenGrap.obj
         Debug\ScreenGrapDlg.obj
         Debug\stdafx.obj
       Manifest:
         c:\Program Files (x86)\Microsoft SDKs\Windows\v7.0A\bin\mt.exe /nologo /verbose /out:"Debug\ScreenGrap.exe.embed.manifest" /manifest Debug\ScreenGrap.exe.intermediate.manifest "c:\Program Files (x86)\Microsoft Visual Studio 10.0\VC\Include\Manifest\dpiaware.manifest"
         所有输出均为最新。
       LinkEmbedManifest:
         所有输出均为最新。
         ScreenGrap.vcxproj -> C:\liyu\ScreenGrap\Debug\ScreenGrap.exe
       FinalizeBuildStatus:
         正在删除文件“Debug\ScreenGrap.unsuccessfulbuild”。
         正在对“Debug\ScreenGrap.lastbuildstate”执行 Touch 任务。
     1>已完成生成项目“C:\liyu\ScreenGrap\ScreenGrap\ScreenGrap.vcxproj”(build 个目标)的操作。

生成成功。

已用时间 00:00:00.61
