C:\LIYU\SCREENGRAP\DEBUG\SCREENGRAP.EXE
C:\LIYU\SCREENGRAP\DEBUG\SCREENGRAP.ILK
C:\LIYU\SCREENGRAP\DEBUG\SCREENGRAP.PDB
C:\liyu\ScreenGrap\ScreenGrap\Debug\cl.command.1.tlog
C:\liyu\ScreenGrap\ScreenGrap\Debug\CL.read.1.tlog
C:\liyu\ScreenGrap\ScreenGrap\Debug\CL.write.1.tlog
C:\liyu\ScreenGrap\ScreenGrap\Debug\link.9188.read.1.tlog
C:\liyu\ScreenGrap\ScreenGrap\Debug\link.9188.write.1.tlog
C:\liyu\ScreenGrap\ScreenGrap\Debug\link.9188-cvtres.read.1.tlog
C:\liyu\ScreenGrap\ScreenGrap\Debug\link.9188-cvtres.write.1.tlog
C:\liyu\ScreenGrap\ScreenGrap\Debug\link.command.1.tlog
C:\liyu\ScreenGrap\ScreenGrap\Debug\link.read.1.tlog
C:\liyu\ScreenGrap\ScreenGrap\Debug\link.write.1.tlog
C:\liyu\ScreenGrap\ScreenGrap\Debug\link-cvtres.read.1.tlog
C:\liyu\ScreenGrap\ScreenGrap\Debug\link-cvtres.write.1.tlog
C:\liyu\ScreenGrap\ScreenGrap\Debug\mt.command.1.tlog
C:\liyu\ScreenGrap\ScreenGrap\Debug\mt.read.1.tlog
C:\liyu\ScreenGrap\ScreenGrap\Debug\mt.write.1.tlog
C:\liyu\ScreenGrap\ScreenGrap\Debug\rc.command.1.tlog
C:\liyu\ScreenGrap\ScreenGrap\Debug\rc.read.1.tlog
C:\liyu\ScreenGrap\ScreenGrap\Debug\rc.write.1.tlog
C:\LIYU\SCREENGRAP\SCREENGRAP\DEBUG\SCREENGRAP.EXE.EMBED.MANIFEST
C:\LIYU\SCREENGRAP\SCREENGRAP\DEBUG\SCREENGRAP.EXE.EMBED.MANIFEST.RES
C:\LIYU\SCREENGRAP\SCREENGRAP\DEBUG\SCREENGRAP.EXE.INTERMEDIATE.MANIFEST
C:\LIYU\SCREENGRAP\SCREENGRAP\DEBUG\SCREENGRAP.OBJ
C:\LIYU\SCREENGRAP\SCREENGRAP\DEBUG\SCREENGRAP.PCH
C:\LIYU\SCREENGRAP\SCREENGRAP\DEBUG\SCREENGRAP.RES
C:\liyu\ScreenGrap\ScreenGrap\Debug\ScreenGrap.vcxprojResolveAssemblyReference.cache
C:\liyu\ScreenGrap\ScreenGrap\Debug\ScreenGrap.write.1.tlog
C:\liyu\ScreenGrap\ScreenGrap\Debug\ScreenGrap_manifest.rc
C:\LIYU\SCREENGRAP\SCREENGRAP\DEBUG\SCREENGRAPDLG.OBJ
C:\LIYU\SCREENGRAP\SCREENGRAP\DEBUG\STDAFX.OBJ
C:\liyu\ScreenGrap\ScreenGrap\Debug\vc100.idb
C:\LIYU\SCREENGRAP\SCREENGRAP\DEBUG\VC100.PDB
