生成启动时间为 2014/7/14 17:35:30。
     1>项目“C:\liyu\ScreenGrap\ScreenGrap\ScreenGrap.vcxproj”在节点 2 上(build 个目标)。
     1>InitializeBuildStatus:
         正在创建“Release\ScreenGrap.unsuccessfulbuild”，因为已指定“AlwaysCreate”。
       ClCompile:
         所有输出均为最新。
         c:\Program Files (x86)\Microsoft Visual Studio 10.0\VC\bin\CL.exe /c /Zi /nologo /W3 /WX- /O2 /Oi /Oy- /GL /D WIN32 /D _WINDOWS /D NDEBUG /D _MBCS /D _AFXDLL /Gm- /EHsc /MD /GS /Gy /fp:precise /Zc:wchar_t /Zc:forScope /Yu"StdAfx.h" /Fp"Release\ScreenGrap.pch" /Fo"Release\\" /Fd"Release\vc100.pdb" /Gd /TP /analyze- /errorReport:prompt ScreenGrapDlg.cpp
         ScreenGrapDlg.cpp
     1>ScreenGrapDlg.cpp(254): warning C4018: “<=”: 有符号/无符号不匹配
       ResourceCompile:
         所有输出均为最新。
       Link:
         c:\Program Files (x86)\Microsoft Visual Studio 10.0\VC\bin\link.exe /ERRORREPORT:PROMPT /OUT:"C:\liyu\ScreenGrap\Release\ScreenGrap.exe" /INCREMENTAL:NO /NOLOGO /MANIFEST /ManifestFile:"Release\ScreenGrap.exe.intermediate.manifest" /MANIFESTUAC:"level='asInvoker' uiAccess='false'" /DEBUG /PDB:"C:\liyu\ScreenGrap\Release\ScreenGrap.pdb" /SUBSYSTEM:WINDOWS /OPT:REF /OPT:ICF /LTCG /TLBID:1 /DYNAMICBASE /NXCOMPAT /IMPLIB:"C:\liyu\ScreenGrap\Release\ScreenGrap.lib" /MACHINE:X86 Release\ScreenGrap.res
         Release\ScreenGrap.obj
         Release\ScreenGrapDlg.obj
         Release\stdafx.obj
         正在生成代码
         已完成代码的生成
         ScreenGrap.vcxproj -> C:\liyu\ScreenGrap\Release\ScreenGrap.exe
       Manifest:
         c:\Program Files (x86)\Microsoft SDKs\Windows\v7.0A\bin\mt.exe /nologo /verbose /outputresource:"C:\liyu\ScreenGrap\Release\ScreenGrap.exe;#1" /manifest Release\ScreenGrap.exe.intermediate.manifest "c:\Program Files (x86)\Microsoft Visual Studio 10.0\VC\Include\Manifest\dpiaware.manifest"
       FinalizeBuildStatus:
         正在删除文件“Release\ScreenGrap.unsuccessfulbuild”。
         正在对“Release\ScreenGrap.lastbuildstate”执行 Touch 任务。
     1>已完成生成项目“C:\liyu\ScreenGrap\ScreenGrap\ScreenGrap.vcxproj”(build 个目标)的操作。

生成成功。

已用时间 00:00:01.28
